[2022-03-31 19:25:37.498 +05:30 INF]  Now listening on: "https://localhost:7097"
[2022-03-31 19:25:37.587 +05:30 INF]  Now listening on: "http://localhost:5097"
[2022-03-31 19:25:37.607 +05:30 INF]  Application started. Press Ctrl+C to shut down.
[2022-03-31 19:25:37.612 +05:30 INF]  Hosting environment: "Development"
[2022-03-31 19:25:37.616 +05:30 INF]  Content root path: "D:\\dot net\\TestWebApi\\TestWebApi\\"
[2022-03-31 19:25:39.930 +05:30 INF]  Request starting HTTP/2 GET https://localhost:7097/swagger/index.html - -
[2022-03-31 19:25:41.012 +05:30 INF]  Request finished HTTP/2 GET https://localhost:7097/swagger/index.html - - - 200 - text/html;charset=utf-8 1088.6860ms
[2022-03-31 19:25:41.058 +05:30 INF]  Request starting HTTP/2 GET https://localhost:7097/_framework/aspnetcore-browser-refresh.js - -
[2022-03-31 19:25:41.084 +05:30 INF]  Request finished HTTP/2 GET https://localhost:7097/_framework/aspnetcore-browser-refresh.js - - - 200 11978 application/javascript;+charset=utf-8 25.5360ms
[2022-03-31 19:25:41.292 +05:30 INF]  Request starting HTTP/2 GET https://localhost:7097/swagger/v1/swagger.json - -
[2022-03-31 19:25:41.493 +05:30 INF]  Request finished HTTP/2 GET https://localhost:7097/swagger/v1/swagger.json - - - 200 - application/json;charset=utf-8 200.9150ms
[2022-03-31 19:25:55.559 +05:30 INF]  Request starting HTTP/2 GET https://localhost:7097/api/People - -
[2022-03-31 19:25:55.572 +05:30 INF]  Executing endpoint '"TestWebApi.Controllers.PeopleController.GetPersons (TestWebApi)"'
[2022-03-31 19:25:55.610 +05:30 INF]  Route matched with "{action = \"GetPersons\", controller = \"People\"}". Executing controller action with signature "System.Threading.Tasks.Task`1[Microsoft.AspNetCore.Mvc.ActionResult`1[System.Collections.Generic.IEnumerable`1[TestWebApi.Models.Person]]] GetPersons()" on controller "TestWebApi.Controllers.PeopleController" ("TestWebApi").
[2022-03-31 19:25:57.524 +05:30 INF]  Entity Framework Core "6.0.3" initialized '"UserDbContext"' using provider '"Npgsql.EntityFrameworkCore.PostgreSQL":"6.0.3+94d0a8eaeb9cf5af6ce55a9e59153c1a1be3244f"' with options: "None"
[2022-03-31 19:25:58.429 +05:30 INF]  Executed DbCommand ("118"ms) [Parameters=[""], CommandType='"Text"', CommandTimeout='30']"\r\n""SELECT p.\"Id\", p.\"Name\"\r\nFROM \"Persons\" AS p"
[2022-03-31 19:25:58.547 +05:30 INF]  Executing "ObjectResult", writing value of type '"System.Collections.Generic.List`1[[TestWebApi.Models.Person, TestWebApi, Version=1.0.0.0, Culture=neutral, PublicKeyToken=null]]"'.
[2022-03-31 19:25:58.569 +05:30 INF]  Executed action "TestWebApi.Controllers.PeopleController.GetPersons (TestWebApi)" in 2948.2378ms
[2022-03-31 19:25:58.570 +05:30 INF]  Executed endpoint '"TestWebApi.Controllers.PeopleController.GetPersons (TestWebApi)"'
[2022-03-31 19:25:58.579 +05:30 INF]  Request finished HTTP/2 GET https://localhost:7097/api/People - - - 200 - application/json;+charset=utf-8 3019.9537ms
