[2022-03-31 20:29:07.777 +05:30 INF]  Now listening on: "https://localhost:7097"
[2022-03-31 20:29:07.851 +05:30 INF]  Now listening on: "http://localhost:5097"
[2022-03-31 20:29:07.863 +05:30 INF]  Application started. Press Ctrl+C to shut down.
[2022-03-31 20:29:07.867 +05:30 INF]  Hosting environment: "Development"
[2022-03-31 20:29:07.870 +05:30 INF]  Content root path: "D:\\dot net\\TestWebApi\\TestWebApi\\"
[2022-03-31 20:29:10.072 +05:30 INF]  Request starting HTTP/2 GET https://localhost:7097/swagger/index.html - -
[2022-03-31 20:29:11.283 +05:30 INF]  Request finished HTTP/2 GET https://localhost:7097/swagger/index.html - - - 200 - text/html;charset=utf-8 1220.6926ms
[2022-03-31 20:29:11.329 +05:30 INF]  Request starting HTTP/2 GET https://localhost:7097/_framework/aspnetcore-browser-refresh.js - -
[2022-03-31 20:29:11.359 +05:30 INF]  Request finished HTTP/2 GET https://localhost:7097/_framework/aspnetcore-browser-refresh.js - - - 200 11978 application/javascript;+charset=utf-8 29.4826ms
[2022-03-31 20:29:11.651 +05:30 INF]  Request starting HTTP/2 GET https://localhost:7097/swagger/v1/swagger.json - -
[2022-03-31 20:29:11.865 +05:30 INF]  Request finished HTTP/2 GET https://localhost:7097/swagger/v1/swagger.json - - - 200 - application/json;charset=utf-8 214.3445ms
[2022-03-31 20:29:26.322 +05:30 INF]  Request starting HTTP/2 GET https://localhost:7097/api/People/2 - -
[2022-03-31 20:29:26.335 +05:30 INF]  Executing endpoint '"TestWebApi.Controllers.PeopleController.GetPerson (TestWebApi)"'
[2022-03-31 20:29:26.411 +05:30 INF]  Route matched with "{action = \"GetPerson\", controller = \"People\"}". Executing controller action with signature "System.Threading.Tasks.Task`1[Microsoft.AspNetCore.Mvc.ActionResult`1[TestWebApi.Models.Person]] GetPerson(Int32)" on controller "TestWebApi.Controllers.PeopleController" ("TestWebApi").
[2022-03-31 20:29:28.558 +05:30 INF]  Entity Framework Core "6.0.3" initialized '"UserDbContext"' using provider '"Npgsql.EntityFrameworkCore.PostgreSQL":"6.0.3+94d0a8eaeb9cf5af6ce55a9e59153c1a1be3244f"' with options: "None"
[2022-03-31 20:29:30.877 +05:30 INF]  Executed DbCommand ("137"ms) [Parameters=["@__id_0='?' (DbType = Int32)"], CommandType='"Text"', CommandTimeout='30']"\r\n""SELECT t.\"Id\", t.\"Name\", k.\"Id\", k.\"KidName\", k.\"PersonId\"\r\nFROM (\r\n    SELECT p.\"Id\", p.\"Name\"\r\n    FROM \"Persons\" AS p\r\n    WHERE p.\"Id\" = @__id_0\r\n    LIMIT 1\r\n) AS t\r\nLEFT JOIN \"Kids\" AS k ON t.\"Id\" = k.\"PersonId\"\r\nORDER BY t.\"Id\""
[2022-03-31 20:29:31.043 +05:30 INF]  Executing "ObjectResult", writing value of type '"TestWebApi.Models.Person"'.
[2022-03-31 20:29:31.066 +05:30 INF]  Executed action "TestWebApi.Controllers.PeopleController.GetPerson (TestWebApi)" in 4644.558ms
[2022-03-31 20:29:31.068 +05:30 INF]  Executed endpoint '"TestWebApi.Controllers.PeopleController.GetPerson (TestWebApi)"'
[2022-03-31 20:29:31.076 +05:30 INF]  Request finished HTTP/2 GET https://localhost:7097/api/People/2 - - - 200 - application/json;+charset=utf-8 4754.3693ms
