[2022-04-04 22:35:07.891 +05:30 INF]  Request starting HTTP/2 POST https://localhost:7097/api/People application/json 99
[2022-04-04 22:35:07.899 +05:30 INF]  Executing endpoint '"TestWebApi.Controllers.PeopleController.PostPerson (TestWebApi)"'
[2022-04-04 22:35:07.920 +05:30 INF]  Route matched with "{action = \"PostPerson\", controller = \"People\"}". Executing controller action with signature "System.Threading.Tasks.Task`1[Microsoft.AspNetCore.Mvc.ActionResult`1[TestWebApi.Models.Person]] PostPerson(TestWebApi.Models.Person)" on controller "TestWebApi.Controllers.PeopleController" ("TestWebApi").
[2022-04-04 22:35:07.976 +05:30 INF]  Entity Framework Core "6.0.3" initialized '"UserDbContext"' using provider '"Npgsql.EntityFrameworkCore.PostgreSQL":"6.0.3+94d0a8eaeb9cf5af6ce55a9e59153c1a1be3244f"' with options: "None"
[2022-04-04 22:35:08.318 +05:30 INF]  Executed DbCommand ("39"ms) [Parameters=["@p0='?'"], CommandType='"Text"', CommandTimeout='30']"\r\n""INSERT INTO \"Persons\" (\"Name\")\r\nVALUES (@p0)\r\nRETURNING \"Id\";"
[2022-04-04 22:35:08.381 +05:30 INF]  Executed DbCommand ("10"ms) [Parameters=["@p1='?', @p2='?' (DbType = Int32)"], CommandType='"Text"', CommandTimeout='30']"\r\n""INSERT INTO \"Kids\" (\"KidName\", \"PersonId\")\r\nVALUES (@p1, @p2)\r\nRETURNING \"Id\";"
[2022-04-04 22:35:08.423 +05:30 INF]  Executing "CreatedAtActionResult", writing value of type '"TestWebApi.Models.Person"'.
[2022-04-04 22:35:08.463 +05:30 INF]  Executed action "TestWebApi.Controllers.PeopleController.PostPerson (TestWebApi)" in 542.6397ms
[2022-04-04 22:35:08.464 +05:30 INF]  Executed endpoint '"TestWebApi.Controllers.PeopleController.PostPerson (TestWebApi)"'
[2022-04-04 22:35:08.466 +05:30 INF]  Request finished HTTP/2 POST https://localhost:7097/api/People application/json 99 - 201 - application/json;+charset=utf-8 574.6734ms
[2022-04-04 22:35:34.789 +05:30 INF]  Request starting HTTP/2 PUT https://localhost:7097/api/People/4 application/json 104
[2022-04-04 22:35:34.791 +05:30 INF]  Executing endpoint '"TestWebApi.Controllers.PeopleController.PutPerson (TestWebApi)"'
[2022-04-04 22:35:34.798 +05:30 INF]  Route matched with "{action = \"PutPerson\", controller = \"People\"}". Executing controller action with signature "System.Threading.Tasks.Task`1[Microsoft.AspNetCore.Mvc.IActionResult] PutPerson(Int32, TestWebApi.Models.Person)" on controller "TestWebApi.Controllers.PeopleController" ("TestWebApi").
[2022-04-04 22:35:34.892 +05:30 INF]  Entity Framework Core "6.0.3" initialized '"UserDbContext"' using provider '"Npgsql.EntityFrameworkCore.PostgreSQL":"6.0.3+94d0a8eaeb9cf5af6ce55a9e59153c1a1be3244f"' with options: "None"
[2022-04-04 22:35:34.980 +05:30 INF]  Executed DbCommand ("6"ms) [Parameters=["@__person_Id_0='?' (DbType = Int32)"], CommandType='"Text"', CommandTimeout='30']"\r\n""SELECT t.\"Id\", t.\"Name\", k.\"Id\", k.\"KidName\", k.\"PersonId\"\r\nFROM (\r\n    SELECT p.\"Id\", p.\"Name\"\r\n    FROM \"Persons\" AS p\r\n    WHERE p.\"Id\" = @__person_Id_0\r\n    LIMIT 1\r\n) AS t\r\nLEFT JOIN \"Kids\" AS k ON t.\"Id\" = k.\"PersonId\"\r\nORDER BY t.\"Id\""
[2022-04-04 22:35:35.063 +05:30 INF]  Executed DbCommand ("8"ms) [Parameters=["@p0='?' (DbType = Int32), @p2='?' (DbType = Int32), @p1='?'"], CommandType='"Text"', CommandTimeout='30']"\r\n""DELETE FROM \"Kids\"\r\nWHERE \"Id\" = @p0;\r\nUPDATE \"Persons\" SET \"Name\" = @p1\r\nWHERE \"Id\" = @p2;"
[2022-04-04 22:35:35.069 +05:30 INF]  Executed DbCommand ("1"ms) [Parameters=["@p3='?', @p4='?' (DbType = Int32)"], CommandType='"Text"', CommandTimeout='30']"\r\n""INSERT INTO \"Kids\" (\"KidName\", \"PersonId\")\r\nVALUES (@p3, @p4)\r\nRETURNING \"Id\";"
[2022-04-04 22:35:35.084 +05:30 INF]  Executing "OkObjectResult", writing value of type '"TestWebApi.Models.Person"'.
[2022-04-04 22:35:35.085 +05:30 INF]  Executed action "TestWebApi.Controllers.PeopleController.PutPerson (TestWebApi)" in 285.7022ms
[2022-04-04 22:35:35.085 +05:30 INF]  Executed endpoint '"TestWebApi.Controllers.PeopleController.PutPerson (TestWebApi)"'
[2022-04-04 22:35:35.086 +05:30 INF]  Request finished HTTP/2 PUT https://localhost:7097/api/People/4 application/json 104 - 200 - application/json;+charset=utf-8 297.0327ms
[2022-04-04 22:35:47.450 +05:30 INF]  Request starting HTTP/2 GET https://localhost:7097/api/People - -
[2022-04-04 22:35:47.453 +05:30 INF]  Executing endpoint '"TestWebApi.Controllers.PeopleController.GetPersons (TestWebApi)"'
[2022-04-04 22:35:47.454 +05:30 INF]  Route matched with "{action = \"GetPersons\", controller = \"People\"}". Executing controller action with signature "System.Threading.Tasks.Task`1[Microsoft.AspNetCore.Mvc.ActionResult`1[System.Collections.Generic.IEnumerable`1[TestWebApi.Models.Person]]] GetPersons()" on controller "TestWebApi.Controllers.PeopleController" ("TestWebApi").
[2022-04-04 22:35:47.462 +05:30 INF]  Entity Framework Core "6.0.3" initialized '"UserDbContext"' using provider '"Npgsql.EntityFrameworkCore.PostgreSQL":"6.0.3+94d0a8eaeb9cf5af6ce55a9e59153c1a1be3244f"' with options: "None"
[2022-04-04 22:35:47.484 +05:30 INF]  Executed DbCommand ("9"ms) [Parameters=[""], CommandType='"Text"', CommandTimeout='30']"\r\n""SELECT p.\"Id\", p.\"Name\", k.\"Id\", k.\"KidName\", k.\"PersonId\"\r\nFROM \"Persons\" AS p\r\nLEFT JOIN \"Kids\" AS k ON p.\"Id\" = k.\"PersonId\"\r\nORDER BY p.\"Id\""
[2022-04-04 22:35:47.487 +05:30 INF]  Executing "ObjectResult", writing value of type '"System.Collections.Generic.List`1[[TestWebApi.Models.Person, TestWebApi, Version=1.0.0.0, Culture=neutral, PublicKeyToken=null]]"'.
[2022-04-04 22:35:47.490 +05:30 INF]  Executed action "TestWebApi.Controllers.PeopleController.GetPersons (TestWebApi)" in 35.5736ms
[2022-04-04 22:35:47.491 +05:30 INF]  Executed endpoint '"TestWebApi.Controllers.PeopleController.GetPersons (TestWebApi)"'
[2022-04-04 22:35:47.493 +05:30 INF]  Request finished HTTP/2 GET https://localhost:7097/api/People - - - 200 - application/json;+charset=utf-8 43.0157ms
