[2022-03-31 20:13:05.773 +05:30 INF]  Now listening on: "https://localhost:7097"
[2022-03-31 20:13:05.986 +05:30 INF]  Now listening on: "http://localhost:5097"
[2022-03-31 20:13:06.023 +05:30 INF]  Application started. Press Ctrl+C to shut down.
[2022-03-31 20:13:06.028 +05:30 INF]  Hosting environment: "Development"
[2022-03-31 20:13:06.032 +05:30 INF]  Content root path: "D:\\dot net\\TestWebApi\\TestWebApi\\"
[2022-03-31 20:13:08.262 +05:30 INF]  Request starting HTTP/2 GET https://localhost:7097/swagger/index.html - -
[2022-03-31 20:13:09.380 +05:30 INF]  Request finished HTTP/2 GET https://localhost:7097/swagger/index.html - - - 200 - text/html;charset=utf-8 1127.8623ms
[2022-03-31 20:13:09.434 +05:30 INF]  Request starting HTTP/2 GET https://localhost:7097/_framework/aspnetcore-browser-refresh.js - -
[2022-03-31 20:13:09.447 +05:30 INF]  Request finished HTTP/2 GET https://localhost:7097/_framework/aspnetcore-browser-refresh.js - - - 200 11978 application/javascript;+charset=utf-8 13.3031ms
[2022-03-31 20:13:09.793 +05:30 INF]  Request starting HTTP/2 GET https://localhost:7097/swagger/v1/swagger.json - -
[2022-03-31 20:13:10.032 +05:30 INF]  Request finished HTTP/2 GET https://localhost:7097/swagger/v1/swagger.json - - - 200 - application/json;charset=utf-8 239.8147ms
[2022-03-31 20:13:19.172 +05:30 INF]  Request starting HTTP/2 GET https://localhost:7097/api/People/2 - -
[2022-03-31 20:13:19.196 +05:30 INF]  Executing endpoint '"TestWebApi.Controllers.PeopleController.GetPerson (TestWebApi)"'
[2022-03-31 20:13:19.260 +05:30 INF]  Route matched with "{action = \"GetPerson\", controller = \"People\"}". Executing controller action with signature "System.Threading.Tasks.Task`1[Microsoft.AspNetCore.Mvc.ActionResult`1[TestWebApi.Models.Person]] GetPerson(Int32)" on controller "TestWebApi.Controllers.PeopleController" ("TestWebApi").
[2022-03-31 20:13:21.257 +05:30 INF]  Entity Framework Core "6.0.3" initialized '"UserDbContext"' using provider '"Npgsql.EntityFrameworkCore.PostgreSQL":"6.0.3+94d0a8eaeb9cf5af6ce55a9e59153c1a1be3244f"' with options: "None"
[2022-03-31 20:13:22.596 +05:30 INF]  Executed DbCommand ("137"ms) [Parameters=["@__id_0='?' (DbType = Int32)"], CommandType='"Text"', CommandTimeout='30']"\r\n""SELECT t.\"Id\", t.\"Name\", k.\"Id\", k.\"KidName\", k.\"PersonId\"\r\nFROM (\r\n    SELECT p.\"Id\", p.\"Name\"\r\n    FROM \"Persons\" AS p\r\n    WHERE p.\"Id\" = @__id_0\r\n    LIMIT 1\r\n) AS t\r\nLEFT JOIN \"Kids\" AS k ON t.\"Id\" = k.\"PersonId\"\r\nORDER BY t.\"Id\""
[2022-03-31 20:13:22.763 +05:30 INF]  Executing "ObjectResult", writing value of type '"TestWebApi.Models.Person"'.
[2022-03-31 20:13:22.785 +05:30 INF]  Executed action "TestWebApi.Controllers.PeopleController.GetPerson (TestWebApi)" in 3515.4289ms
[2022-03-31 20:13:22.786 +05:30 INF]  Executed endpoint '"TestWebApi.Controllers.PeopleController.GetPerson (TestWebApi)"'
[2022-03-31 20:13:22.795 +05:30 INF]  Request finished HTTP/2 GET https://localhost:7097/api/People/2 - - - 200 - application/json;+charset=utf-8 3622.4050ms
[2022-03-31 20:13:30.128 +05:30 INF]  Request starting HTTP/2 GET https://localhost:7097/api/People/1 - -
[2022-03-31 20:13:30.130 +05:30 INF]  Executing endpoint '"TestWebApi.Controllers.PeopleController.GetPerson (TestWebApi)"'
[2022-03-31 20:13:30.131 +05:30 INF]  Route matched with "{action = \"GetPerson\", controller = \"People\"}". Executing controller action with signature "System.Threading.Tasks.Task`1[Microsoft.AspNetCore.Mvc.ActionResult`1[TestWebApi.Models.Person]] GetPerson(Int32)" on controller "TestWebApi.Controllers.PeopleController" ("TestWebApi").
[2022-03-31 20:13:30.138 +05:30 INF]  Entity Framework Core "6.0.3" initialized '"UserDbContext"' using provider '"Npgsql.EntityFrameworkCore.PostgreSQL":"6.0.3+94d0a8eaeb9cf5af6ce55a9e59153c1a1be3244f"' with options: "None"
[2022-03-31 20:13:30.155 +05:30 INF]  Executed DbCommand ("7"ms) [Parameters=["@__id_0='?' (DbType = Int32)"], CommandType='"Text"', CommandTimeout='30']"\r\n""SELECT t.\"Id\", t.\"Name\", k.\"Id\", k.\"KidName\", k.\"PersonId\"\r\nFROM (\r\n    SELECT p.\"Id\", p.\"Name\"\r\n    FROM \"Persons\" AS p\r\n    WHERE p.\"Id\" = @__id_0\r\n    LIMIT 1\r\n) AS t\r\nLEFT JOIN \"Kids\" AS k ON t.\"Id\" = k.\"PersonId\"\r\nORDER BY t.\"Id\""
[2022-03-31 20:13:30.157 +05:30 INF]  Executing "ObjectResult", writing value of type '"TestWebApi.Models.Person"'.
[2022-03-31 20:13:30.158 +05:30 INF]  Executed action "TestWebApi.Controllers.PeopleController.GetPerson (TestWebApi)" in 26.5305ms
[2022-03-31 20:13:30.158 +05:30 INF]  Executed endpoint '"TestWebApi.Controllers.PeopleController.GetPerson (TestWebApi)"'
[2022-03-31 20:13:30.159 +05:30 INF]  Request finished HTTP/2 GET https://localhost:7097/api/People/1 - - - 200 - application/json;+charset=utf-8 31.1742ms
