[2022-04-02 16:21:07.518 +05:30 INF]  Request starting HTTP/2 DELETE https://localhost:7097/api/People/2 - -
[2022-04-02 16:21:07.532 +05:30 INF]  Executing endpoint '"TestWebApi.Controllers.PeopleController.DeletePerson (TestWebApi)"'
[2022-04-02 16:21:07.606 +05:30 INF]  Route matched with "{action = \"DeletePerson\", controller = \"People\"}". Executing controller action with signature "System.Threading.Tasks.Task`1[Microsoft.AspNetCore.Mvc.IActionResult] DeletePerson(Int32)" on controller "TestWebApi.Controllers.PeopleController" ("TestWebApi").
[2022-04-02 16:21:09.612 +05:30 INF]  Entity Framework Core "6.0.3" initialized '"UserDbContext"' using provider '"Npgsql.EntityFrameworkCore.PostgreSQL":"6.0.3+94d0a8eaeb9cf5af6ce55a9e59153c1a1be3244f"' with options: "None"
[2022-04-02 16:21:11.029 +05:30 INF]  Executed DbCommand ("122"ms) [Parameters=["@__id_0='?' (DbType = Int32)"], CommandType='"Text"', CommandTimeout='30']"\r\n""SELECT t.\"Id\", t.\"Name\", k.\"Id\", k.\"KidName\", k.\"PersonId\"\r\nFROM (\r\n    SELECT p.\"Id\", p.\"Name\"\r\n    FROM \"Persons\" AS p\r\n    WHERE p.\"Id\" = @__id_0\r\n    LIMIT 1\r\n) AS t\r\nLEFT JOIN \"Kids\" AS k ON t.\"Id\" = k.\"PersonId\"\r\nORDER BY t.\"Id\""
[2022-04-02 16:21:11.427 +05:30 INF]  Executed DbCommand ("16"ms) [Parameters=["@p1='?' (DbType = Int32), @p0='?' (DbType = Int32), @p3='?' (DbType = Int32), @p2='?' (DbType = Int32)"], CommandType='"Text"', CommandTimeout='30']"\r\n""UPDATE \"Kids\" SET \"PersonId\" = @p0\r\nWHERE \"Id\" = @p1;\r\nUPDATE \"Kids\" SET \"PersonId\" = @p2\r\nWHERE \"Id\" = @p3;"
[2022-04-02 16:21:11.453 +05:30 INF]  Executed DbCommand ("3"ms) [Parameters=["@p4='?' (DbType = Int32)"], CommandType='"Text"', CommandTimeout='30']"\r\n""DELETE FROM \"Persons\"\r\nWHERE \"Id\" = @p4;"
[2022-04-02 16:21:11.533 +05:30 INF]  Executing StatusCodeResult, setting HTTP status code 204
[2022-04-02 16:21:11.544 +05:30 INF]  Executed action "TestWebApi.Controllers.PeopleController.DeletePerson (TestWebApi)" in 3928.1639ms
[2022-04-02 16:21:11.546 +05:30 INF]  Executed endpoint '"TestWebApi.Controllers.PeopleController.DeletePerson (TestWebApi)"'
[2022-04-02 16:21:11.555 +05:30 INF]  Request finished HTTP/2 DELETE https://localhost:7097/api/People/2 - - - 204 - - 4037.4358ms
[2022-04-02 16:21:38.454 +05:30 INF]  Request starting HTTP/2 GET https://localhost:7097/api/People - -
[2022-04-02 16:21:38.456 +05:30 INF]  Executing endpoint '"TestWebApi.Controllers.PeopleController.GetPersons (TestWebApi)"'
[2022-04-02 16:21:38.461 +05:30 INF]  Route matched with "{action = \"GetPersons\", controller = \"People\"}". Executing controller action with signature "System.Threading.Tasks.Task`1[Microsoft.AspNetCore.Mvc.ActionResult`1[System.Collections.Generic.IEnumerable`1[TestWebApi.Models.Person]]] GetPersons()" on controller "TestWebApi.Controllers.PeopleController" ("TestWebApi").
[2022-04-02 16:21:38.471 +05:30 INF]  Entity Framework Core "6.0.3" initialized '"UserDbContext"' using provider '"Npgsql.EntityFrameworkCore.PostgreSQL":"6.0.3+94d0a8eaeb9cf5af6ce55a9e59153c1a1be3244f"' with options: "None"
[2022-04-02 16:21:38.515 +05:30 INF]  Executed DbCommand ("1"ms) [Parameters=[""], CommandType='"Text"', CommandTimeout='30']"\r\n""SELECT p.\"Id\", p.\"Name\", k.\"Id\", k.\"KidName\", k.\"PersonId\"\r\nFROM \"Persons\" AS p\r\nLEFT JOIN \"Kids\" AS k ON p.\"Id\" = k.\"PersonId\"\r\nORDER BY p.\"Id\""
[2022-04-02 16:21:38.539 +05:30 INF]  Executing "ObjectResult", writing value of type '"System.Collections.Generic.List`1[[TestWebApi.Models.Person, TestWebApi, Version=1.0.0.0, Culture=neutral, PublicKeyToken=null]]"'.
[2022-04-02 16:21:38.553 +05:30 INF]  Executed action "TestWebApi.Controllers.PeopleController.GetPersons (TestWebApi)" in 90.6268ms
[2022-04-02 16:21:38.553 +05:30 INF]  Executed endpoint '"TestWebApi.Controllers.PeopleController.GetPersons (TestWebApi)"'
[2022-04-02 16:21:38.554 +05:30 INF]  Request finished HTTP/2 GET https://localhost:7097/api/People - - - 200 - application/json;+charset=utf-8 100.1207ms
