[2022-03-30 21:08:25.751 +05:30 INF]  Request starting HTTP/2 POST https://localhost:7097/api/Grades application/json 117
[2022-03-30 21:08:25.767 +05:30 INF]  Executing endpoint '"TestWebApi.Controllers.GradesController.PostGrade (TestWebApi)"'
[2022-03-30 21:08:25.845 +05:30 INF]  Route matched with "{action = \"PostGrade\", controller = \"Grades\"}". Executing controller action with signature "System.Threading.Tasks.Task`1[Microsoft.AspNetCore.Mvc.ActionResult`1[TestWebApi.Models.Grade]] PostGrade(TestWebApi.Models.Grade)" on controller "TestWebApi.Controllers.GradesController" ("TestWebApi").
[2022-03-30 21:08:26.338 +05:30 INF]  Executing "BadRequestObjectResult", writing value of type '"Microsoft.AspNetCore.Mvc.ValidationProblemDetails"'.
[2022-03-30 21:08:26.355 +05:30 INF]  Executed action "TestWebApi.Controllers.GradesController.PostGrade (TestWebApi)" in 500.9752ms
[2022-03-30 21:08:26.357 +05:30 INF]  Executed endpoint '"TestWebApi.Controllers.GradesController.PostGrade (TestWebApi)"'
[2022-03-30 21:08:26.362 +05:30 INF]  Request finished HTTP/2 POST https://localhost:7097/api/Grades application/json 117 - 400 - application/problem+json;+charset=utf-8 610.6694ms
[2022-03-30 21:08:52.086 +05:30 INF]  Request starting HTTP/2 POST https://localhost:7097/api/Grades application/json 189
[2022-03-30 21:08:52.091 +05:30 INF]  Executing endpoint '"TestWebApi.Controllers.GradesController.PostGrade (TestWebApi)"'
[2022-03-30 21:08:52.093 +05:30 INF]  Route matched with "{action = \"PostGrade\", controller = \"Grades\"}". Executing controller action with signature "System.Threading.Tasks.Task`1[Microsoft.AspNetCore.Mvc.ActionResult`1[TestWebApi.Models.Grade]] PostGrade(TestWebApi.Models.Grade)" on controller "TestWebApi.Controllers.GradesController" ("TestWebApi").
[2022-03-30 21:08:52.108 +05:30 INF]  Executing "BadRequestObjectResult", writing value of type '"Microsoft.AspNetCore.Mvc.ValidationProblemDetails"'.
[2022-03-30 21:08:52.109 +05:30 INF]  Executed action "TestWebApi.Controllers.GradesController.PostGrade (TestWebApi)" in 15.2988ms
[2022-03-30 21:08:52.110 +05:30 INF]  Executed endpoint '"TestWebApi.Controllers.GradesController.PostGrade (TestWebApi)"'
[2022-03-30 21:08:52.111 +05:30 INF]  Request finished HTTP/2 POST https://localhost:7097/api/Grades application/json 189 - 400 - application/problem+json;+charset=utf-8 25.5149ms
[2022-03-30 21:08:57.954 +05:30 INF]  Request starting HTTP/2 POST https://localhost:7097/api/Grades application/json 189
[2022-03-30 21:08:57.956 +05:30 INF]  Executing endpoint '"TestWebApi.Controllers.GradesController.PostGrade (TestWebApi)"'
[2022-03-30 21:08:57.957 +05:30 INF]  Route matched with "{action = \"PostGrade\", controller = \"Grades\"}". Executing controller action with signature "System.Threading.Tasks.Task`1[Microsoft.AspNetCore.Mvc.ActionResult`1[TestWebApi.Models.Grade]] PostGrade(TestWebApi.Models.Grade)" on controller "TestWebApi.Controllers.GradesController" ("TestWebApi").
[2022-03-30 21:08:57.963 +05:30 INF]  Executing "BadRequestObjectResult", writing value of type '"Microsoft.AspNetCore.Mvc.ValidationProblemDetails"'.
[2022-03-30 21:08:57.964 +05:30 INF]  Executed action "TestWebApi.Controllers.GradesController.PostGrade (TestWebApi)" in 5.9836ms
[2022-03-30 21:08:57.964 +05:30 INF]  Executed endpoint '"TestWebApi.Controllers.GradesController.PostGrade (TestWebApi)"'
[2022-03-30 21:08:57.965 +05:30 INF]  Request finished HTTP/2 POST https://localhost:7097/api/Grades application/json 189 - 400 - application/problem+json;+charset=utf-8 10.6909ms
