[2022-04-02 15:21:00.498 +05:30 INF]  Entity Framework Core "6.0.3" initialized '"UserDbContext"' using provider '"Npgsql.EntityFrameworkCore.PostgreSQL":"6.0.3+94d0a8eaeb9cf5af6ce55a9e59153c1a1be3244f"' with options: "None"
[2022-04-02 15:21:02.146 +05:30 INF]  Executed DbCommand ("144"ms) [Parameters=[""], CommandType='"Text"', CommandTimeout='30']"\r\n""SELECT p.\"Id\", p.\"Name\", k.\"Id\", k.\"KidName\", k.\"PersonId\"\r\nFROM \"Persons\" AS p\r\nLEFT JOIN \"Kids\" AS k ON p.\"Id\" = k.\"PersonId\"\r\nORDER BY p.\"Id\""
[2022-04-02 15:21:02.342 +05:30 INF]  Executing "ObjectResult", writing value of type '"System.Collections.Generic.List`1[[TestWebApi.Models.Person, TestWebApi, Version=1.0.0.0, Culture=neutral, PublicKeyToken=null]]"'.
[2022-04-02 15:21:02.366 +05:30 INF]  Executed action "TestWebApi.Controllers.PeopleController.GetPersons (TestWebApi)" in 4351.4461ms
[2022-04-02 15:21:02.369 +05:30 INF]  Executed endpoint '"TestWebApi.Controllers.PeopleController.GetPersons (TestWebApi)"'
[2022-04-02 15:21:02.378 +05:30 INF]  Request finished HTTP/2 GET https://localhost:7097/api/People - - - 200 - application/json;+charset=utf-8 4432.5619ms
[2022-04-02 15:21:34.092 +05:30 INF]  Request starting HTTP/2 PUT https://localhost:7097/api/People/2 application/json 109
[2022-04-02 15:21:34.095 +05:30 INF]  Executing endpoint '"TestWebApi.Controllers.PeopleController.PutPerson (TestWebApi)"'
[2022-04-02 15:21:34.120 +05:30 INF]  Route matched with "{action = \"PutPerson\", controller = \"People\"}". Executing controller action with signature "System.Threading.Tasks.Task`1[Microsoft.AspNetCore.Mvc.IActionResult] PutPerson(Int32, TestWebApi.Models.Person)" on controller "TestWebApi.Controllers.PeopleController" ("TestWebApi").
[2022-04-02 15:21:34.190 +05:30 INF]  Entity Framework Core "6.0.3" initialized '"UserDbContext"' using provider '"Npgsql.EntityFrameworkCore.PostgreSQL":"6.0.3+94d0a8eaeb9cf5af6ce55a9e59153c1a1be3244f"' with options: "None"
[2022-04-02 15:21:34.339 +05:30 INF]  Executed DbCommand ("25"ms) [Parameters=["@__person_Id_0='?' (DbType = Int32)"], CommandType='"Text"', CommandTimeout='30']"\r\n""SELECT t.\"Id\", t.\"Name\", k.\"Id\", k.\"KidName\", k.\"PersonId\"\r\nFROM (\r\n    SELECT p.\"Id\", p.\"Name\"\r\n    FROM \"Persons\" AS p\r\n    WHERE p.\"Id\" = @__person_Id_0\r\n    LIMIT 1\r\n) AS t\r\nLEFT JOIN \"Kids\" AS k ON t.\"Id\" = k.\"PersonId\"\r\nORDER BY t.\"Id\""
[2022-04-02 15:21:34.579 +05:30 INF]  Executed action "TestWebApi.Controllers.PeopleController.PutPerson (TestWebApi)" in 458.6ms
[2022-04-02 15:21:34.580 +05:30 INF]  Executed endpoint '"TestWebApi.Controllers.PeopleController.PutPerson (TestWebApi)"'
[2022-04-02 15:21:34.762 +05:30 ERR]  An unhandled exception has occurred while executing the request.System.InvalidOperationException: The entity type 'WhereEnumerableIterator<Kid>' was not found. Ensure that the entity type has been added to the model.
   at Microsoft.EntityFrameworkCore.ChangeTracking.Internal.StateManager.GetOrCreateEntry(Object entity)
   at Microsoft.EntityFrameworkCore.DbContext.EntryWithoutDetectChanges[TEntity](TEntity entity)
   at Microsoft.EntityFrameworkCore.DbContext.Entry[TEntity](TEntity entity)
   at TestWebApi.Controllers.PeopleController.PutPerson(Int32 id, Person person) in D:\dot net\TestWebApi\TestWebApi\Controllers\PeopleController.cs:line 74
   at Microsoft.AspNetCore.Mvc.Infrastructure.ActionMethodExecutor.TaskOfIActionResultExecutor.Execute(IActionResultTypeMapper mapper, ObjectMethodExecutor executor, Object controller, Object[] arguments)
   at Microsoft.AspNetCore.Mvc.Infrastructure.ControllerActionInvoker.<InvokeActionMethodAsync>g__Awaited|12_0(ControllerActionInvoker invoker, ValueTask`1 actionResultValueTask)
   at Microsoft.AspNetCore.Mvc.Infrastructure.ControllerActionInvoker.<InvokeNextActionFilterAsync>g__Awaited|10_0(ControllerActionInvoker invoker, Task lastTask, State next, Scope scope, Object state, Boolean isCompleted)
   at Microsoft.AspNetCore.Mvc.Infrastructure.ControllerActionInvoker.Rethrow(ActionExecutedContextSealed context)
   at Microsoft.AspNetCore.Mvc.Infrastructure.ControllerActionInvoker.Next(State& next, Scope& scope, Object& state, Boolean& isCompleted)
   at Microsoft.AspNetCore.Mvc.Infrastructure.ControllerActionInvoker.InvokeInnerFilterAsync()
--- End of stack trace from previous location ---
   at Microsoft.AspNetCore.Mvc.Infrastructure.ResourceInvoker.<InvokeFilterPipelineAsync>g__Awaited|20_0(ResourceInvoker invoker, Task lastTask, State next, Scope scope, Object state, Boolean isCompleted)
   at Microsoft.AspNetCore.Mvc.Infrastructure.ResourceInvoker.<InvokeAsync>g__Logged|17_1(ResourceInvoker invoker)
   at Microsoft.AspNetCore.Mvc.Infrastructure.ResourceInvoker.<InvokeAsync>g__Logged|17_1(ResourceInvoker invoker)
   at Microsoft.AspNetCore.Routing.EndpointMiddleware.<Invoke>g__AwaitRequestTask|6_0(Endpoint endpoint, Task requestTask, ILogger logger)
   at Microsoft.AspNetCore.Authorization.AuthorizationMiddleware.Invoke(HttpContext context)
   at Swashbuckle.AspNetCore.SwaggerUI.SwaggerUIMiddleware.Invoke(HttpContext httpContext)
   at Swashbuckle.AspNetCore.Swagger.SwaggerMiddleware.Invoke(HttpContext httpContext, ISwaggerProvider swaggerProvider)
   at Microsoft.AspNetCore.Diagnostics.DeveloperExceptionPageMiddleware.Invoke(HttpContext context)

[2022-04-02 15:21:34.781 +05:30 INF]  Request finished HTTP/2 PUT https://localhost:7097/api/People/2 application/json 109 - 500 - text/plain;+charset=utf-8 689.2167ms
