[2022-03-31 20:33:04.669 +05:30 INF]  Now listening on: "https://localhost:7097"
[2022-03-31 20:33:04.806 +05:30 INF]  Now listening on: "http://localhost:5097"
[2022-03-31 20:33:04.831 +05:30 INF]  Application started. Press Ctrl+C to shut down.
[2022-03-31 20:33:04.844 +05:30 INF]  Hosting environment: "Development"
[2022-03-31 20:33:04.852 +05:30 INF]  Content root path: "D:\\dot net\\TestWebApi\\TestWebApi\\"
[2022-03-31 20:33:06.486 +05:30 INF]  Request starting HTTP/2 GET https://localhost:7097/swagger/index.html - -
[2022-03-31 20:33:07.405 +05:30 INF]  Request finished HTTP/2 GET https://localhost:7097/swagger/index.html - - - 200 - text/html;charset=utf-8 952.3701ms
[2022-03-31 20:33:07.432 +05:30 INF]  Request starting HTTP/2 GET https://localhost:7097/_framework/aspnetcore-browser-refresh.js - -
[2022-03-31 20:33:07.476 +05:30 INF]  Request finished HTTP/2 GET https://localhost:7097/_framework/aspnetcore-browser-refresh.js - - - 200 11978 application/javascript;+charset=utf-8 43.8658ms
[2022-03-31 20:33:07.688 +05:30 INF]  Request starting HTTP/2 GET https://localhost:7097/swagger/v1/swagger.json - -
[2022-03-31 20:33:08.060 +05:30 INF]  Request finished HTTP/2 GET https://localhost:7097/swagger/v1/swagger.json - - - 200 - application/json;charset=utf-8 371.7849ms
[2022-03-31 20:33:31.228 +05:30 INF]  Request starting HTTP/2 PUT https://localhost:7097/api/People/2 application/json 103
[2022-03-31 20:33:31.238 +05:30 INF]  Executing endpoint '"TestWebApi.Controllers.PeopleController.PutPerson (TestWebApi)"'
[2022-03-31 20:33:31.286 +05:30 INF]  Route matched with "{action = \"PutPerson\", controller = \"People\"}". Executing controller action with signature "System.Threading.Tasks.Task`1[Microsoft.AspNetCore.Mvc.IActionResult] PutPerson(Int32, TestWebApi.Models.Person)" on controller "TestWebApi.Controllers.PeopleController" ("TestWebApi").
[2022-03-31 20:33:33.352 +05:30 INF]  Entity Framework Core "6.0.3" initialized '"UserDbContext"' using provider '"Npgsql.EntityFrameworkCore.PostgreSQL":"6.0.3+94d0a8eaeb9cf5af6ce55a9e59153c1a1be3244f"' with options: "None"
[2022-03-31 20:33:34.863 +05:30 INF]  Executed DbCommand ("119"ms) [Parameters=["@__person_Id_0='?' (DbType = Int32)"], CommandType='"Text"', CommandTimeout='30']"\r\n""SELECT t.\"Id\", t.\"Name\", k.\"Id\", k.\"KidName\", k.\"PersonId\"\r\nFROM (\r\n    SELECT p.\"Id\", p.\"Name\"\r\n    FROM \"Persons\" AS p\r\n    WHERE p.\"Id\" = @__person_Id_0\r\n    LIMIT 1\r\n) AS t\r\nLEFT JOIN \"Kids\" AS k ON t.\"Id\" = k.\"PersonId\"\r\nORDER BY t.\"Id\""
[2022-03-31 20:33:35.222 +05:30 INF]  Executed DbCommand ("22"ms) [Parameters=["@p1='?' (DbType = Int32), @p0='?'"], CommandType='"Text"', CommandTimeout='30']"\r\n""UPDATE \"Persons\" SET \"Name\" = @p0\r\nWHERE \"Id\" = @p1;"
[2022-03-31 20:33:35.283 +05:30 INF]  Executing "OkObjectResult", writing value of type '"TestWebApi.Models.Person"'.
[2022-03-31 20:33:35.312 +05:30 INF]  Executed action "TestWebApi.Controllers.PeopleController.PutPerson (TestWebApi)" in 4011.5231ms
[2022-03-31 20:33:35.315 +05:30 INF]  Executed endpoint '"TestWebApi.Controllers.PeopleController.PutPerson (TestWebApi)"'
[2022-03-31 20:33:35.339 +05:30 INF]  Request finished HTTP/2 PUT https://localhost:7097/api/People/2 application/json 103 - 200 - application/json;+charset=utf-8 4111.8006ms
