[2022-04-02 16:31:04.159 +05:30 INF]  Request starting HTTP/2 PUT https://localhost:7097/api/People/3 application/json 111
[2022-04-02 16:31:04.175 +05:30 INF]  Executing endpoint '"TestWebApi.Controllers.PeopleController.PutPerson (TestWebApi)"'
[2022-04-02 16:31:04.183 +05:30 INF]  Route matched with "{action = \"PutPerson\", controller = \"People\"}". Executing controller action with signature "System.Threading.Tasks.Task`1[Microsoft.AspNetCore.Mvc.IActionResult] PutPerson(Int32, TestWebApi.Models.Person)" on controller "TestWebApi.Controllers.PeopleController" ("TestWebApi").
[2022-04-02 16:31:04.333 +05:30 INF]  Entity Framework Core "6.0.3" initialized '"UserDbContext"' using provider '"Npgsql.EntityFrameworkCore.PostgreSQL":"6.0.3+94d0a8eaeb9cf5af6ce55a9e59153c1a1be3244f"' with options: "None"
[2022-04-02 16:31:05.121 +05:30 INF]  Executed DbCommand ("5"ms) [Parameters=["@__person_Id_0='?' (DbType = Int32)"], CommandType='"Text"', CommandTimeout='30']"\r\n""SELECT t.\"Id\", t.\"Name\", k.\"Id\", k.\"KidName\", k.\"PersonId\"\r\nFROM (\r\n    SELECT p.\"Id\", p.\"Name\"\r\n    FROM \"Persons\" AS p\r\n    WHERE p.\"Id\" = @__person_Id_0\r\n    LIMIT 1\r\n) AS t\r\nLEFT JOIN \"Kids\" AS k ON t.\"Id\" = k.\"PersonId\"\r\nORDER BY t.\"Id\""
[2022-04-02 16:31:05.194 +05:30 INF]  Executed DbCommand ("2"ms) [Parameters=["@p1='?' (DbType = Int32), @p0='?', @p3='?' (DbType = Int32), @p2='?'"], CommandType='"Text"', CommandTimeout='30']"\r\n""UPDATE \"Kids\" SET \"KidName\" = @p0\r\nWHERE \"Id\" = @p1;\r\nUPDATE \"Persons\" SET \"Name\" = @p2\r\nWHERE \"Id\" = @p3;"
[2022-04-02 16:31:05.202 +05:30 INF]  Executing "OkObjectResult", writing value of type '"TestWebApi.Models.Person"'.
[2022-04-02 16:31:05.203 +05:30 INF]  Executed action "TestWebApi.Controllers.PeopleController.PutPerson (TestWebApi)" in 1019.8384ms
[2022-04-02 16:31:05.205 +05:30 INF]  Executed endpoint '"TestWebApi.Controllers.PeopleController.PutPerson (TestWebApi)"'
[2022-04-02 16:31:05.206 +05:30 INF]  Request finished HTTP/2 PUT https://localhost:7097/api/People/3 application/json 111 - 200 - application/json;+charset=utf-8 1049.0014ms
[2022-04-02 16:31:13.131 +05:30 INF]  Request starting HTTP/2 GET https://localhost:7097/api/People - -
[2022-04-02 16:31:13.133 +05:30 INF]  Executing endpoint '"TestWebApi.Controllers.PeopleController.GetPersons (TestWebApi)"'
[2022-04-02 16:31:13.140 +05:30 INF]  Route matched with "{action = \"GetPersons\", controller = \"People\"}". Executing controller action with signature "System.Threading.Tasks.Task`1[Microsoft.AspNetCore.Mvc.ActionResult`1[System.Collections.Generic.IEnumerable`1[TestWebApi.Models.Person]]] GetPersons()" on controller "TestWebApi.Controllers.PeopleController" ("TestWebApi").
[2022-04-02 16:31:13.176 +05:30 INF]  Entity Framework Core "6.0.3" initialized '"UserDbContext"' using provider '"Npgsql.EntityFrameworkCore.PostgreSQL":"6.0.3+94d0a8eaeb9cf5af6ce55a9e59153c1a1be3244f"' with options: "None"
[2022-04-02 16:31:13.242 +05:30 INF]  Executed DbCommand ("6"ms) [Parameters=[""], CommandType='"Text"', CommandTimeout='30']"\r\n""SELECT p.\"Id\", p.\"Name\", k.\"Id\", k.\"KidName\", k.\"PersonId\"\r\nFROM \"Persons\" AS p\r\nLEFT JOIN \"Kids\" AS k ON p.\"Id\" = k.\"PersonId\"\r\nORDER BY p.\"Id\""
[2022-04-02 16:31:13.255 +05:30 INF]  Executing "ObjectResult", writing value of type '"System.Collections.Generic.List`1[[TestWebApi.Models.Person, TestWebApi, Version=1.0.0.0, Culture=neutral, PublicKeyToken=null]]"'.
[2022-04-02 16:31:13.256 +05:30 INF]  Executed action "TestWebApi.Controllers.PeopleController.GetPersons (TestWebApi)" in 114.5771ms
[2022-04-02 16:31:13.256 +05:30 INF]  Executed endpoint '"TestWebApi.Controllers.PeopleController.GetPersons (TestWebApi)"'
[2022-04-02 16:31:13.257 +05:30 INF]  Request finished HTTP/2 GET https://localhost:7097/api/People - - - 200 - application/json;+charset=utf-8 125.4062ms
[2022-04-02 16:31:39.904 +05:30 INF]  Request starting HTTP/2 GET https://localhost:7097/api/People/3 - -
[2022-04-02 16:31:39.905 +05:30 INF]  Executing endpoint '"TestWebApi.Controllers.PeopleController.GetPerson (TestWebApi)"'
[2022-04-02 16:31:39.912 +05:30 INF]  Route matched with "{action = \"GetPerson\", controller = \"People\"}". Executing controller action with signature "System.Threading.Tasks.Task`1[Microsoft.AspNetCore.Mvc.ActionResult`1[TestWebApi.Models.Person]] GetPerson(Int32)" on controller "TestWebApi.Controllers.PeopleController" ("TestWebApi").
[2022-04-02 16:31:39.921 +05:30 INF]  Entity Framework Core "6.0.3" initialized '"UserDbContext"' using provider '"Npgsql.EntityFrameworkCore.PostgreSQL":"6.0.3+94d0a8eaeb9cf5af6ce55a9e59153c1a1be3244f"' with options: "None"
[2022-04-02 16:31:39.952 +05:30 INF]  Executed DbCommand ("7"ms) [Parameters=["@__id_0='?' (DbType = Int32)"], CommandType='"Text"', CommandTimeout='30']"\r\n""SELECT t.\"Id\", t.\"Name\", k.\"Id\", k.\"KidName\", k.\"PersonId\"\r\nFROM (\r\n    SELECT p.\"Id\", p.\"Name\"\r\n    FROM \"Persons\" AS p\r\n    WHERE p.\"Id\" = @__id_0\r\n    LIMIT 1\r\n) AS t\r\nLEFT JOIN \"Kids\" AS k ON t.\"Id\" = k.\"PersonId\"\r\nORDER BY t.\"Id\""
[2022-04-02 16:31:39.956 +05:30 INF]  Executing "ObjectResult", writing value of type '"TestWebApi.Models.Person"'.
[2022-04-02 16:31:39.957 +05:30 INF]  Executed action "TestWebApi.Controllers.PeopleController.GetPerson (TestWebApi)" in 44.1046ms
[2022-04-02 16:31:39.957 +05:30 INF]  Executed endpoint '"TestWebApi.Controllers.PeopleController.GetPerson (TestWebApi)"'
[2022-04-02 16:31:39.957 +05:30 INF]  Request finished HTTP/2 GET https://localhost:7097/api/People/3 - - - 200 - application/json;+charset=utf-8 57.9996ms
[2022-04-02 16:31:52.773 +05:30 INF]  Request starting HTTP/2 DELETE https://localhost:7097/api/People/3 - -
[2022-04-02 16:31:52.774 +05:30 INF]  Executing endpoint '"TestWebApi.Controllers.PeopleController.DeletePerson (TestWebApi)"'
[2022-04-02 16:31:52.780 +05:30 INF]  Route matched with "{action = \"DeletePerson\", controller = \"People\"}". Executing controller action with signature "System.Threading.Tasks.Task`1[Microsoft.AspNetCore.Mvc.IActionResult] DeletePerson(Int32)" on controller "TestWebApi.Controllers.PeopleController" ("TestWebApi").
[2022-04-02 16:31:52.786 +05:30 INF]  Entity Framework Core "6.0.3" initialized '"UserDbContext"' using provider '"Npgsql.EntityFrameworkCore.PostgreSQL":"6.0.3+94d0a8eaeb9cf5af6ce55a9e59153c1a1be3244f"' with options: "None"
[2022-04-02 16:31:52.805 +05:30 INF]  Executed DbCommand ("1"ms) [Parameters=["@__id_0='?' (DbType = Int32)"], CommandType='"Text"', CommandTimeout='30']"\r\n""SELECT t.\"Id\", t.\"Name\", k.\"Id\", k.\"KidName\", k.\"PersonId\"\r\nFROM (\r\n    SELECT p.\"Id\", p.\"Name\"\r\n    FROM \"Persons\" AS p\r\n    WHERE p.\"Id\" = @__id_0\r\n    LIMIT 1\r\n) AS t\r\nLEFT JOIN \"Kids\" AS k ON t.\"Id\" = k.\"PersonId\"\r\nORDER BY t.\"Id\""
[2022-04-02 16:31:52.828 +05:30 INF]  Executed DbCommand ("1"ms) [Parameters=["@p0='?' (DbType = Int32)"], CommandType='"Text"', CommandTimeout='30']"\r\n""DELETE FROM \"Kids\"\r\nWHERE \"Id\" = @p0;"
[2022-04-02 16:31:52.834 +05:30 INF]  Executed DbCommand ("1"ms) [Parameters=["@p1='?' (DbType = Int32)"], CommandType='"Text"', CommandTimeout='30']"\r\n""DELETE FROM \"Persons\"\r\nWHERE \"Id\" = @p1;"
[2022-04-02 16:31:52.842 +05:30 INF]  Executing "OkObjectResult", writing value of type '"System.String"'.
[2022-04-02 16:31:52.843 +05:30 INF]  Executed action "TestWebApi.Controllers.PeopleController.DeletePerson (TestWebApi)" in 61.7047ms
[2022-04-02 16:31:52.843 +05:30 INF]  Executed endpoint '"TestWebApi.Controllers.PeopleController.DeletePerson (TestWebApi)"'
[2022-04-02 16:31:52.843 +05:30 INF]  Request finished HTTP/2 DELETE https://localhost:7097/api/People/3 - - - 200 - text/plain;+charset=utf-8 69.9171ms
