[2022-04-04 22:34:05.392 +05:30 INF]  Now listening on: "https://localhost:7097"
[2022-04-04 22:34:05.484 +05:30 INF]  Now listening on: "http://localhost:5097"
[2022-04-04 22:34:05.500 +05:30 INF]  Application started. Press Ctrl+C to shut down.
[2022-04-04 22:34:05.504 +05:30 INF]  Hosting environment: "Development"
[2022-04-04 22:34:05.507 +05:30 INF]  Content root path: "D:\\dot net\\TestWebApi\\TestWebApi\\"
[2022-04-04 22:34:07.595 +05:30 INF]  Request starting HTTP/2 GET https://localhost:7097/swagger/index.html - -
[2022-04-04 22:34:08.630 +05:30 INF]  Request finished HTTP/2 GET https://localhost:7097/swagger/index.html - - - 200 - text/html;charset=utf-8 1038.2276ms
[2022-04-04 22:34:08.632 +05:30 INF]  Request starting HTTP/2 GET https://localhost:7097/_framework/aspnetcore-browser-refresh.js - -
[2022-04-04 22:34:08.644 +05:30 INF]  Request finished HTTP/2 GET https://localhost:7097/_framework/aspnetcore-browser-refresh.js - - - 200 11978 application/javascript;+charset=utf-8 11.4642ms
[2022-04-04 22:34:09.442 +05:30 INF]  Request starting HTTP/2 GET https://localhost:7097/swagger/v1/swagger.json - -
[2022-04-04 22:34:09.898 +05:30 INF]  Request finished HTTP/2 GET https://localhost:7097/swagger/v1/swagger.json - - - 200 - application/json;charset=utf-8 456.3188ms
[2022-04-04 22:34:27.369 +05:30 INF]  Request starting HTTP/2 GET https://localhost:7097/api/People - -
[2022-04-04 22:34:27.383 +05:30 INF]  Executing endpoint '"TestWebApi.Controllers.PeopleController.GetPersons (TestWebApi)"'
[2022-04-04 22:34:27.422 +05:30 INF]  Route matched with "{action = \"GetPersons\", controller = \"People\"}". Executing controller action with signature "System.Threading.Tasks.Task`1[Microsoft.AspNetCore.Mvc.ActionResult`1[System.Collections.Generic.IEnumerable`1[TestWebApi.Models.Person]]] GetPersons()" on controller "TestWebApi.Controllers.PeopleController" ("TestWebApi").
[2022-04-04 22:34:41.967 +05:30 INF]  Entity Framework Core "6.0.3" initialized '"UserDbContext"' using provider '"Npgsql.EntityFrameworkCore.PostgreSQL":"6.0.3+94d0a8eaeb9cf5af6ce55a9e59153c1a1be3244f"' with options: "None"
[2022-04-04 22:34:46.087 +05:30 INF]  Executed DbCommand ("131"ms) [Parameters=[""], CommandType='"Text"', CommandTimeout='30']"\r\n""SELECT p.\"Id\", p.\"Name\", k.\"Id\", k.\"KidName\", k.\"PersonId\"\r\nFROM \"Persons\" AS p\r\nLEFT JOIN \"Kids\" AS k ON p.\"Id\" = k.\"PersonId\"\r\nORDER BY p.\"Id\""
[2022-04-04 22:34:46.142 +05:30 INF]  Executing "ObjectResult", writing value of type '"System.Collections.Generic.List`1[[TestWebApi.Models.Person, TestWebApi, Version=1.0.0.0, Culture=neutral, PublicKeyToken=null]]"'.
[2022-04-04 22:34:46.171 +05:30 INF]  Executed action "TestWebApi.Controllers.PeopleController.GetPersons (TestWebApi)" in 18733.4162ms
[2022-04-04 22:34:46.175 +05:30 INF]  Executed endpoint '"TestWebApi.Controllers.PeopleController.GetPersons (TestWebApi)"'
[2022-04-04 22:34:46.191 +05:30 INF]  Request finished HTTP/2 GET https://localhost:7097/api/People - - - 200 - application/json;+charset=utf-8 18822.5520ms
