[2022-03-26 18:37:24.319 +05:30 INF]  Now listening on: "https://localhost:7097"
[2022-03-26 18:37:24.413 +05:30 INF]  Now listening on: "http://localhost:5097"
[2022-03-26 18:37:24.431 +05:30 INF]  Application started. Press Ctrl+C to shut down.
[2022-03-26 18:37:24.436 +05:30 INF]  Hosting environment: "Development"
[2022-03-26 18:37:24.440 +05:30 INF]  Content root path: "D:\\dot net\\TestWebApi\\TestWebApi\\"
[2022-03-26 18:37:25.784 +05:30 INF]  Request starting HTTP/2 GET https://localhost:7097/swagger/index.html - -
[2022-03-26 18:37:26.349 +05:30 INF]  Request finished HTTP/2 GET https://localhost:7097/swagger/index.html - - - 200 - text/html;charset=utf-8 572.7310ms
[2022-03-26 18:37:26.427 +05:30 INF]  Request starting HTTP/2 GET https://localhost:7097/_framework/aspnetcore-browser-refresh.js - -
[2022-03-26 18:37:26.437 +05:30 INF]  Request finished HTTP/2 GET https://localhost:7097/_framework/aspnetcore-browser-refresh.js - - - 200 11978 application/javascript;+charset=utf-8 9.9221ms
[2022-03-26 18:37:26.699 +05:30 INF]  Request starting HTTP/2 GET https://localhost:7097/swagger/v1/swagger.json - -
[2022-03-26 18:37:26.909 +05:30 INF]  Request finished HTTP/2 GET https://localhost:7097/swagger/v1/swagger.json - - - 200 - application/json;charset=utf-8 209.6144ms
[2022-03-26 18:37:37.810 +05:30 INF]  Request starting HTTP/2 GET https://localhost:7097/api/Users - -
[2022-03-26 18:37:37.821 +05:30 INF]  Executing endpoint '"TestWebApi.Controllers.UsersController.GetUsers (TestWebApi)"'
[2022-03-26 18:37:37.853 +05:30 INF]  Route matched with "{action = \"GetUsers\", controller = \"Users\"}". Executing controller action with signature "System.Threading.Tasks.Task`1[Microsoft.AspNetCore.Mvc.ActionResult`1[System.Collections.Generic.IEnumerable`1[TestWebApi.Models.User]]] GetUsers()" on controller "TestWebApi.Controllers.UsersController" ("TestWebApi").
[2022-03-26 18:37:39.348 +05:30 INF]  Entity Framework Core "6.0.3" initialized '"UserDbContext"' using provider '"Npgsql.EntityFrameworkCore.PostgreSQL":"6.0.3+94d0a8eaeb9cf5af6ce55a9e59153c1a1be3244f"' with options: "None"
[2022-03-26 18:37:40.264 +05:30 INF]  Executed DbCommand ("134"ms) [Parameters=[""], CommandType='"Text"', CommandTimeout='30']"\r\n""SELECT u.\"userId\", u.name\r\nFROM \"Users\" AS u"
[2022-03-26 18:37:40.362 +05:30 INF]  Get All Users Called!
[2022-03-26 18:37:40.376 +05:30 INF]  Executing "OkObjectResult", writing value of type '"System.Collections.Generic.List`1[[TestWebApi.Models.User, TestWebApi, Version=1.0.0.0, Culture=neutral, PublicKeyToken=null]]"'.
[2022-03-26 18:37:40.393 +05:30 INF]  Executed action "TestWebApi.Controllers.UsersController.GetUsers (TestWebApi)" in 2527.2228ms
[2022-03-26 18:37:40.395 +05:30 INF]  Executed endpoint '"TestWebApi.Controllers.UsersController.GetUsers (TestWebApi)"'
[2022-03-26 18:37:40.410 +05:30 INF]  Request finished HTTP/2 GET https://localhost:7097/api/Users - - - 200 - application/json;+charset=utf-8 2602.5981ms
[2022-03-26 18:37:59.711 +05:30 INF]  Request starting HTTP/2 POST https://localhost:7097/api/Users application/json 39
[2022-03-26 18:37:59.712 +05:30 INF]  Executing endpoint '"TestWebApi.Controllers.UsersController.AddUser (TestWebApi)"'
[2022-03-26 18:37:59.742 +05:30 INF]  Route matched with "{action = \"AddUser\", controller = \"Users\"}". Executing controller action with signature "System.Threading.Tasks.Task`1[Microsoft.AspNetCore.Mvc.ActionResult] AddUser(TestWebApi.Models.User)" on controller "TestWebApi.Controllers.UsersController" ("TestWebApi").
[2022-03-26 18:37:59.804 +05:30 INF]  Entity Framework Core "6.0.3" initialized '"UserDbContext"' using provider '"Npgsql.EntityFrameworkCore.PostgreSQL":"6.0.3+94d0a8eaeb9cf5af6ce55a9e59153c1a1be3244f"' with options: "None"
