[2022-03-31 20:15:06.766 +05:30 INF]  Request starting HTTP/2 GET https://localhost:7097/api/People/2 - -
[2022-03-31 20:15:06.781 +05:30 INF]  Executing endpoint '"TestWebApi.Controllers.PeopleController.GetPerson (TestWebApi)"'
[2022-03-31 20:15:06.782 +05:30 INF]  Route matched with "{action = \"GetPerson\", controller = \"People\"}". Executing controller action with signature "System.Threading.Tasks.Task`1[Microsoft.AspNetCore.Mvc.ActionResult`1[TestWebApi.Models.Person]] GetPerson(Int32)" on controller "TestWebApi.Controllers.PeopleController" ("TestWebApi").
[2022-03-31 20:15:06.787 +05:30 INF]  Entity Framework Core "6.0.3" initialized '"UserDbContext"' using provider '"Npgsql.EntityFrameworkCore.PostgreSQL":"6.0.3+94d0a8eaeb9cf5af6ce55a9e59153c1a1be3244f"' with options: "None"
[2022-03-31 20:15:06.793 +05:30 INF]  Executed DbCommand ("2"ms) [Parameters=["@__id_0='?' (DbType = Int32)"], CommandType='"Text"', CommandTimeout='30']"\r\n""SELECT t.\"Id\", t.\"Name\", k.\"Id\", k.\"KidName\", k.\"PersonId\"\r\nFROM (\r\n    SELECT p.\"Id\", p.\"Name\"\r\n    FROM \"Persons\" AS p\r\n    WHERE p.\"Id\" = @__id_0\r\n    LIMIT 1\r\n) AS t\r\nLEFT JOIN \"Kids\" AS k ON t.\"Id\" = k.\"PersonId\"\r\nORDER BY t.\"Id\""
[2022-03-31 20:15:06.795 +05:30 INF]  Executing "ObjectResult", writing value of type '"TestWebApi.Models.Person"'.
[2022-03-31 20:15:06.796 +05:30 INF]  Executed action "TestWebApi.Controllers.PeopleController.GetPerson (TestWebApi)" in 14.3213ms
[2022-03-31 20:15:06.797 +05:30 INF]  Executed endpoint '"TestWebApi.Controllers.PeopleController.GetPerson (TestWebApi)"'
[2022-03-31 20:15:06.805 +05:30 INF]  Request finished HTTP/2 GET https://localhost:7097/api/People/2 - - - 200 - application/json;+charset=utf-8 39.4922ms
[2022-03-31 20:15:33.799 +05:30 INF]  Request starting HTTP/2 PUT https://localhost:7097/api/People/2 application/json 102
[2022-03-31 20:15:33.801 +05:30 INF]  Executing endpoint '"TestWebApi.Controllers.PeopleController.PutPerson (TestWebApi)"'
[2022-03-31 20:15:33.805 +05:30 INF]  Route matched with "{action = \"PutPerson\", controller = \"People\"}". Executing controller action with signature "System.Threading.Tasks.Task`1[Microsoft.AspNetCore.Mvc.IActionResult] PutPerson(Int32, TestWebApi.Models.Person)" on controller "TestWebApi.Controllers.PeopleController" ("TestWebApi").
[2022-03-31 20:15:33.823 +05:30 INF]  Entity Framework Core "6.0.3" initialized '"UserDbContext"' using provider '"Npgsql.EntityFrameworkCore.PostgreSQL":"6.0.3+94d0a8eaeb9cf5af6ce55a9e59153c1a1be3244f"' with options: "None"
[2022-03-31 20:15:33.833 +05:30 INF]  Executed DbCommand ("2"ms) [Parameters=["@p1='?' (DbType = Int32), @p0='?'"], CommandType='"Text"', CommandTimeout='30']"\r\n""UPDATE \"Persons\" SET \"Name\" = @p0\r\nWHERE \"Id\" = @p1;"
[2022-03-31 20:15:33.845 +05:30 INF]  Executing StatusCodeResult, setting HTTP status code 204
[2022-03-31 20:15:33.845 +05:30 INF]  Executed action "TestWebApi.Controllers.PeopleController.PutPerson (TestWebApi)" in 30.7537ms
[2022-03-31 20:15:33.845 +05:30 INF]  Executed endpoint '"TestWebApi.Controllers.PeopleController.PutPerson (TestWebApi)"'
[2022-03-31 20:15:33.846 +05:30 INF]  Request finished HTTP/2 PUT https://localhost:7097/api/People/2 application/json 102 - 204 - - 46.5718ms
[2022-03-31 20:15:55.841 +05:30 INF]  Request starting HTTP/2 PUT https://localhost:7097/api/People/2 application/json 102
[2022-03-31 20:15:55.844 +05:30 INF]  Executing endpoint '"TestWebApi.Controllers.PeopleController.PutPerson (TestWebApi)"'
[2022-03-31 20:15:55.845 +05:30 INF]  Route matched with "{action = \"PutPerson\", controller = \"People\"}". Executing controller action with signature "System.Threading.Tasks.Task`1[Microsoft.AspNetCore.Mvc.IActionResult] PutPerson(Int32, TestWebApi.Models.Person)" on controller "TestWebApi.Controllers.PeopleController" ("TestWebApi").
[2022-03-31 20:15:55.852 +05:30 INF]  Entity Framework Core "6.0.3" initialized '"UserDbContext"' using provider '"Npgsql.EntityFrameworkCore.PostgreSQL":"6.0.3+94d0a8eaeb9cf5af6ce55a9e59153c1a1be3244f"' with options: "None"
[2022-03-31 20:15:55.878 +05:30 INF]  Executed DbCommand ("18"ms) [Parameters=["@p1='?' (DbType = Int32), @p0='?'"], CommandType='"Text"', CommandTimeout='30']"\r\n""UPDATE \"Persons\" SET \"Name\" = @p0\r\nWHERE \"Id\" = @p1;"
[2022-03-31 20:15:55.880 +05:30 INF]  Executing StatusCodeResult, setting HTTP status code 204
[2022-03-31 20:15:55.881 +05:30 INF]  Executed action "TestWebApi.Controllers.PeopleController.PutPerson (TestWebApi)" in 35.8168ms
[2022-03-31 20:15:55.881 +05:30 INF]  Executed endpoint '"TestWebApi.Controllers.PeopleController.PutPerson (TestWebApi)"'
[2022-03-31 20:15:55.881 +05:30 INF]  Request finished HTTP/2 PUT https://localhost:7097/api/People/2 application/json 102 - 204 - - 40.7607ms
