[2022-04-02 16:12:03.898 +05:30 INF]  Request starting HTTP/2 PUT https://localhost:7097/api/People/2 application/json 103
[2022-04-02 16:12:03.915 +05:30 INF]  Executing endpoint '"TestWebApi.Controllers.PeopleController.PutPerson (TestWebApi)"'
[2022-04-02 16:12:03.966 +05:30 INF]  Route matched with "{action = \"PutPerson\", controller = \"People\"}". Executing controller action with signature "System.Threading.Tasks.Task`1[Microsoft.AspNetCore.Mvc.IActionResult] PutPerson(Int32, TestWebApi.Models.Person)" on controller "TestWebApi.Controllers.PeopleController" ("TestWebApi").
[2022-04-02 16:12:06.042 +05:30 INF]  Entity Framework Core "6.0.3" initialized '"UserDbContext"' using provider '"Npgsql.EntityFrameworkCore.PostgreSQL":"6.0.3+94d0a8eaeb9cf5af6ce55a9e59153c1a1be3244f"' with options: "None"
[2022-04-02 16:12:07.373 +05:30 INF]  Executed DbCommand ("120"ms) [Parameters=["@__person_Id_0='?' (DbType = Int32)"], CommandType='"Text"', CommandTimeout='30']"\r\n""SELECT t.\"Id\", t.\"Name\", k.\"Id\", k.\"KidName\", k.\"PersonId\"\r\nFROM (\r\n    SELECT p.\"Id\", p.\"Name\"\r\n    FROM \"Persons\" AS p\r\n    WHERE p.\"Id\" = @__person_Id_0\r\n    LIMIT 1\r\n) AS t\r\nLEFT JOIN \"Kids\" AS k ON t.\"Id\" = k.\"PersonId\"\r\nORDER BY t.\"Id\""
[2022-04-02 16:12:07.677 +05:30 INF]  Executed DbCommand ("12"ms) [Parameters=["@p1='?' (DbType = Int32), @p0='?', @p3='?' (DbType = Int32), @p2='?'"], CommandType='"Text"', CommandTimeout='30']"\r\n""UPDATE \"Kids\" SET \"KidName\" = @p0\r\nWHERE \"Id\" = @p1;\r\nUPDATE \"Persons\" SET \"Name\" = @p2\r\nWHERE \"Id\" = @p3;"
[2022-04-02 16:12:07.713 +05:30 INF]  Executing "OkObjectResult", writing value of type '"TestWebApi.Models.Person"'.
[2022-04-02 16:12:07.732 +05:30 INF]  Executed action "TestWebApi.Controllers.PeopleController.PutPerson (TestWebApi)" in 3756.2205ms
[2022-04-02 16:12:07.734 +05:30 INF]  Executed endpoint '"TestWebApi.Controllers.PeopleController.PutPerson (TestWebApi)"'
[2022-04-02 16:12:07.742 +05:30 INF]  Request finished HTTP/2 PUT https://localhost:7097/api/People/2 application/json 103 - 200 - application/json;+charset=utf-8 3844.0663ms
[2022-04-02 16:12:15.797 +05:30 INF]  Request starting HTTP/2 GET https://localhost:7097/api/People - -
[2022-04-02 16:12:15.801 +05:30 INF]  Executing endpoint '"TestWebApi.Controllers.PeopleController.GetPersons (TestWebApi)"'
[2022-04-02 16:12:15.807 +05:30 INF]  Route matched with "{action = \"GetPersons\", controller = \"People\"}". Executing controller action with signature "System.Threading.Tasks.Task`1[Microsoft.AspNetCore.Mvc.ActionResult`1[System.Collections.Generic.IEnumerable`1[TestWebApi.Models.Person]]] GetPersons()" on controller "TestWebApi.Controllers.PeopleController" ("TestWebApi").
[2022-04-02 16:12:15.814 +05:30 INF]  Entity Framework Core "6.0.3" initialized '"UserDbContext"' using provider '"Npgsql.EntityFrameworkCore.PostgreSQL":"6.0.3+94d0a8eaeb9cf5af6ce55a9e59153c1a1be3244f"' with options: "None"
[2022-04-02 16:12:15.882 +05:30 INF]  Executed DbCommand ("16"ms) [Parameters=[""], CommandType='"Text"', CommandTimeout='30']"\r\n""SELECT p.\"Id\", p.\"Name\", k.\"Id\", k.\"KidName\", k.\"PersonId\"\r\nFROM \"Persons\" AS p\r\nLEFT JOIN \"Kids\" AS k ON p.\"Id\" = k.\"PersonId\"\r\nORDER BY p.\"Id\""
[2022-04-02 16:12:15.907 +05:30 INF]  Executing "ObjectResult", writing value of type '"System.Collections.Generic.List`1[[TestWebApi.Models.Person, TestWebApi, Version=1.0.0.0, Culture=neutral, PublicKeyToken=null]]"'.
[2022-04-02 16:12:15.908 +05:30 INF]  Executed action "TestWebApi.Controllers.PeopleController.GetPersons (TestWebApi)" in 100.5801ms
[2022-04-02 16:12:15.909 +05:30 INF]  Executed endpoint '"TestWebApi.Controllers.PeopleController.GetPersons (TestWebApi)"'
[2022-04-02 16:12:15.911 +05:30 INF]  Request finished HTTP/2 GET https://localhost:7097/api/People - - - 200 - application/json;+charset=utf-8 114.2469ms
[2022-04-02 16:12:43.629 +05:30 INF]  Now listening on: "https://localhost:7097"
[2022-04-02 16:12:43.685 +05:30 INF]  Now listening on: "http://localhost:5097"
[2022-04-02 16:12:43.703 +05:30 INF]  Application started. Press Ctrl+C to shut down.
[2022-04-02 16:12:43.709 +05:30 INF]  Hosting environment: "Development"
[2022-04-02 16:12:43.712 +05:30 INF]  Content root path: "D:\\dot net\\TestWebApi\\TestWebApi\\"
[2022-04-02 16:12:45.367 +05:30 INF]  Request starting HTTP/2 GET https://localhost:7097/swagger/index.html - -
[2022-04-02 16:12:46.179 +05:30 INF]  Request starting HTTP/2 GET https://localhost:7097/_framework/aspnetcore-browser-refresh.js - -
[2022-04-02 16:12:46.215 +05:30 INF]  Request finished HTTP/2 GET https://localhost:7097/_framework/aspnetcore-browser-refresh.js - - - 200 11978 application/javascript;+charset=utf-8 22.9188ms
[2022-04-02 16:12:46.219 +05:30 INF]  Request finished HTTP/2 GET https://localhost:7097/swagger/index.html - - - 200 - text/html;charset=utf-8 865.7833ms
[2022-04-02 16:12:46.561 +05:30 INF]  Request starting HTTP/2 GET https://localhost:7097/swagger/v1/swagger.json - -
[2022-04-02 16:12:46.857 +05:30 INF]  Request finished HTTP/2 GET https://localhost:7097/swagger/v1/swagger.json - - - 200 - application/json;charset=utf-8 295.2141ms
