[2022-03-26 18:38:00.051 +05:30 INF]  Executed DbCommand ("41"ms) [Parameters=["@p0='?'"], CommandType='"Text"', CommandTimeout='30']"\r\n""INSERT INTO \"Users\" (name)\r\nVALUES (@p0)\r\nRETURNING \"userId\";"
[2022-03-26 18:38:00.122 +05:30 INF]  Executing "OkObjectResult", writing value of type '"TestWebApi.Models.User"'.
[2022-03-26 18:38:00.123 +05:30 INF]  Executed action "TestWebApi.Controllers.UsersController.AddUser (TestWebApi)" in 380.4014ms
[2022-03-26 18:38:00.123 +05:30 INF]  Executed endpoint '"TestWebApi.Controllers.UsersController.AddUser (TestWebApi)"'
[2022-03-26 18:38:00.123 +05:30 INF]  Request finished HTTP/2 POST https://localhost:7097/api/Users application/json 39 - 200 - application/json;+charset=utf-8 412.2450ms
[2022-03-26 18:38:35.793 +05:30 INF]  Request starting HTTP/2 PUT https://localhost:7097/api/Users/1 application/json 43
[2022-03-26 18:38:35.794 +05:30 INF]  Executing endpoint '"TestWebApi.Controllers.UsersController.UpdateUser (TestWebApi)"'
[2022-03-26 18:38:35.814 +05:30 INF]  Route matched with "{action = \"UpdateUser\", controller = \"Users\"}". Executing controller action with signature "System.Threading.Tasks.Task`1[Microsoft.AspNetCore.Mvc.ActionResult] UpdateUser(TestWebApi.Models.User)" on controller "TestWebApi.Controllers.UsersController" ("TestWebApi").
[2022-03-26 18:38:35.901 +05:30 INF]  Entity Framework Core "6.0.3" initialized '"UserDbContext"' using provider '"Npgsql.EntityFrameworkCore.PostgreSQL":"6.0.3+94d0a8eaeb9cf5af6ce55a9e59153c1a1be3244f"' with options: "None"
[2022-03-26 18:38:35.921 +05:30 INF]  Executed DbCommand ("8"ms) [Parameters=["@p1='?' (DbType = Int32), @p0='?'"], CommandType='"Text"', CommandTimeout='30']"\r\n""UPDATE \"Users\" SET name = @p0\r\nWHERE \"userId\" = @p1;"
[2022-03-26 18:38:35.927 +05:30 INF]  Executing "OkObjectResult", writing value of type '"TestWebApi.Models.User"'.
[2022-03-26 18:38:35.927 +05:30 INF]  Executed action "TestWebApi.Controllers.UsersController.UpdateUser (TestWebApi)" in 113.2252ms
[2022-03-26 18:38:35.927 +05:30 INF]  Executed endpoint '"TestWebApi.Controllers.UsersController.UpdateUser (TestWebApi)"'
[2022-03-26 18:38:35.928 +05:30 INF]  Request finished HTTP/2 PUT https://localhost:7097/api/Users/1 application/json 43 - 200 - application/json;+charset=utf-8 134.9119ms
[2022-03-26 18:38:40.630 +05:30 INF]  Request starting HTTP/2 GET https://localhost:7097/api/Users - -
[2022-03-26 18:38:40.630 +05:30 INF]  Executing endpoint '"TestWebApi.Controllers.UsersController.GetUsers (TestWebApi)"'
[2022-03-26 18:38:40.631 +05:30 INF]  Route matched with "{action = \"GetUsers\", controller = \"Users\"}". Executing controller action with signature "System.Threading.Tasks.Task`1[Microsoft.AspNetCore.Mvc.ActionResult`1[System.Collections.Generic.IEnumerable`1[TestWebApi.Models.User]]] GetUsers()" on controller "TestWebApi.Controllers.UsersController" ("TestWebApi").
[2022-03-26 18:38:40.635 +05:30 INF]  Entity Framework Core "6.0.3" initialized '"UserDbContext"' using provider '"Npgsql.EntityFrameworkCore.PostgreSQL":"6.0.3+94d0a8eaeb9cf5af6ce55a9e59153c1a1be3244f"' with options: "None"
[2022-03-26 18:38:40.648 +05:30 INF]  Executed DbCommand ("1"ms) [Parameters=[""], CommandType='"Text"', CommandTimeout='30']"\r\n""SELECT u.\"userId\", u.name\r\nFROM \"Users\" AS u"
[2022-03-26 18:38:40.679 +05:30 INF]  Get All Users Called!
[2022-03-26 18:38:40.679 +05:30 INF]  Executing "OkObjectResult", writing value of type '"System.Collections.Generic.List`1[[TestWebApi.Models.User, TestWebApi, Version=1.0.0.0, Culture=neutral, PublicKeyToken=null]]"'.
[2022-03-26 18:38:40.679 +05:30 INF]  Executed action "TestWebApi.Controllers.UsersController.GetUsers (TestWebApi)" in 48.5756ms
[2022-03-26 18:38:40.679 +05:30 INF]  Executed endpoint '"TestWebApi.Controllers.UsersController.GetUsers (TestWebApi)"'
[2022-03-26 18:38:40.679 +05:30 INF]  Request finished HTTP/2 GET https://localhost:7097/api/Users - - - 200 - application/json;+charset=utf-8 49.3597ms
