[2022-04-02 16:30:17.922 +05:30 INF]  Now listening on: "https://localhost:7097"
[2022-04-02 16:30:18.113 +05:30 INF]  Now listening on: "http://localhost:5097"
[2022-04-02 16:30:18.139 +05:30 INF]  Application started. Press Ctrl+C to shut down.
[2022-04-02 16:30:18.150 +05:30 INF]  Hosting environment: "Development"
[2022-04-02 16:30:18.156 +05:30 INF]  Content root path: "D:\\dot net\\TestWebApi\\TestWebApi\\"
[2022-04-02 16:30:19.933 +05:30 INF]  Request starting HTTP/2 GET https://localhost:7097/swagger/index.html - -
[2022-04-02 16:30:20.588 +05:30 INF]  Request finished HTTP/2 GET https://localhost:7097/swagger/index.html - - - 200 - text/html;charset=utf-8 658.3773ms
[2022-04-02 16:30:20.620 +05:30 INF]  Request starting HTTP/2 GET https://localhost:7097/_framework/aspnetcore-browser-refresh.js - -
[2022-04-02 16:30:20.664 +05:30 INF]  Request finished HTTP/2 GET https://localhost:7097/_framework/aspnetcore-browser-refresh.js - - - 200 11978 application/javascript;+charset=utf-8 43.9104ms
[2022-04-02 16:30:20.897 +05:30 INF]  Request starting HTTP/2 GET https://localhost:7097/swagger/v1/swagger.json - -
[2022-04-02 16:30:21.128 +05:30 INF]  Request finished HTTP/2 GET https://localhost:7097/swagger/v1/swagger.json - - - 200 - application/json;charset=utf-8 231.4519ms
[2022-04-02 16:30:32.363 +05:30 INF]  Request starting HTTP/2 POST https://localhost:7097/api/People application/json 103
[2022-04-02 16:30:32.375 +05:30 INF]  Executing endpoint '"TestWebApi.Controllers.PeopleController.PostPerson (TestWebApi)"'
[2022-04-02 16:30:32.440 +05:30 INF]  Route matched with "{action = \"PostPerson\", controller = \"People\"}". Executing controller action with signature "System.Threading.Tasks.Task`1[Microsoft.AspNetCore.Mvc.ActionResult`1[TestWebApi.Models.Person]] PostPerson(TestWebApi.Models.Person)" on controller "TestWebApi.Controllers.PeopleController" ("TestWebApi").
[2022-04-02 16:30:34.567 +05:30 INF]  Entity Framework Core "6.0.3" initialized '"UserDbContext"' using provider '"Npgsql.EntityFrameworkCore.PostgreSQL":"6.0.3+94d0a8eaeb9cf5af6ce55a9e59153c1a1be3244f"' with options: "None"
[2022-04-02 16:30:35.741 +05:30 INF]  Executed DbCommand ("145"ms) [Parameters=["@p0='?'"], CommandType='"Text"', CommandTimeout='30']"\r\n""INSERT INTO \"Persons\" (\"Name\")\r\nVALUES (@p0)\r\nRETURNING \"Id\";"
[2022-04-02 16:30:35.815 +05:30 INF]  Executed DbCommand ("10"ms) [Parameters=["@p1='?', @p2='?' (DbType = Int32)"], CommandType='"Text"', CommandTimeout='30']"\r\n""INSERT INTO \"Kids\" (\"KidName\", \"PersonId\")\r\nVALUES (@p1, @p2)\r\nRETURNING \"Id\";"
[2022-04-02 16:30:35.913 +05:30 INF]  Executing "CreatedAtActionResult", writing value of type '"TestWebApi.Models.Person"'.
[2022-04-02 16:30:35.997 +05:30 INF]  Executed action "TestWebApi.Controllers.PeopleController.PostPerson (TestWebApi)" in 3544.3422ms
[2022-04-02 16:30:35.998 +05:30 INF]  Executed endpoint '"TestWebApi.Controllers.PeopleController.PostPerson (TestWebApi)"'
[2022-04-02 16:30:36.007 +05:30 INF]  Request finished HTTP/2 POST https://localhost:7097/api/People application/json 103 - 201 - application/json;+charset=utf-8 3643.7827ms
